Построение начато 11.12.2020 12:54:03.
     1>Проект "C:\Users\Lenovo\Desktop\Lab_works\Л и ОА в ИЗ\Lab_3\Lab_3\Lab_3\Lab_3.vcxproj" в узле 2 (целевые объекты build).
     1>InitializeBuildStatus:
         Создание "Debug\Lab_3.unsuccessfulbuild", так как было задано "AlwaysCreate".
       ClCompile:
         Для всех выходных данных обновления не требуется.
         C:\Program Files (x86)\Microsoft Visual Studio 10.0\VC\bin\CL.exe /c /ZI /nologo /W3 /WX- /Od /Oy- /D WIN32 /D _DEBUG /D _CONSOLE /D _UNICODE /D UNICODE /Gm /EHsc /RTC1 /MDd /GS /fp:precise /Zc:wchar_t /Zc:forScope /Yu"StdAfx.h" /Fp"Debug\Lab_3.pch" /Fo"Debug\\" /Fd"Debug\vc100.pdb" /Gd /TP /analyze- /errorReport:prompt Lab_3.cpp
         Lab_3.cpp
     1>c:\users\lenovo\desktop\lab_works\л и оа в из\lab_3\lab_3\lab_3\lab_3.cpp(25): warning C4244: аргумент: преобразование "time_t" в "unsigned int", возможна потеря данных
     1>c:\users\lenovo\desktop\lab_works\л и оа в из\lab_3\lab_3\lab_3\lab_3.cpp(44): warning C4244: инициализация: преобразование "int" в "float", возможна потеря данных
     1>c:\users\lenovo\desktop\lab_works\л и оа в из\lab_3\lab_3\lab_3\lab_3.cpp(49): warning C4996: 'scanf': This function or variable may be unsafe. Consider using scanf_s instead. To disable deprecation, use _CRT_SECURE_NO_WARNINGS. See online help for details.
                 c:\program files (x86)\microsoft visual studio 10.0\vc\include\stdio.h(304): см. объявление "scanf"
     1>c:\users\lenovo\desktop\lab_works\л и оа в из\lab_3\lab_3\lab_3\lab_3.cpp(112): warning C4244: =: преобразование "int" в "float", возможна потеря данных
     1>c:\users\lenovo\desktop\lab_works\л и оа в из\lab_3\lab_3\lab_3\lab_3.cpp(113): warning C4244: =: преобразование "float" в "int", возможна потеря данных
     1>c:\users\lenovo\desktop\lab_works\л и оа в из\lab_3\lab_3\lab_3\lab_3.cpp(114): warning C4244: =: преобразование "float" в "int", возможна потеря данных
     1>c:\users\lenovo\desktop\lab_works\л и оа в из\lab_3\lab_3\lab_3\lab_3.cpp(172): warning C4996: 'scanf': This function or variable may be unsafe. Consider using scanf_s instead. To disable deprecation, use _CRT_SECURE_NO_WARNINGS. See online help for details.
                 c:\program files (x86)\microsoft visual studio 10.0\vc\include\stdio.h(304): см. объявление "scanf"
     1>c:\users\lenovo\desktop\lab_works\л и оа в из\lab_3\lab_3\lab_3\lab_3.cpp(174): warning C4996: 'scanf': This function or variable may be unsafe. Consider using scanf_s instead. To disable deprecation, use _CRT_SECURE_NO_WARNINGS. See online help for details.
                 c:\program files (x86)\microsoft visual studio 10.0\vc\include\stdio.h(304): см. объявление "scanf"
     1>c:\users\lenovo\desktop\lab_works\л и оа в из\lab_3\lab_3\lab_3\lab_3.cpp(216): warning C4244: аргумент: преобразование "time_t" в "unsigned int", возможна потеря данных
     1>c:\users\lenovo\desktop\lab_works\л и оа в из\lab_3\lab_3\lab_3\lab_3.cpp(232): warning C4244: =: преобразование "int" в "float", возможна потеря данных
     1>c:\users\lenovo\desktop\lab_works\л и оа в из\lab_3\lab_3\lab_3\lab_3.cpp(233): warning C4244: =: преобразование "float" в "int", возможна потеря данных
     1>c:\users\lenovo\desktop\lab_works\л и оа в из\lab_3\lab_3\lab_3\lab_3.cpp(234): warning C4244: =: преобразование "float" в "int", возможна потеря данных
     1>c:\users\lenovo\desktop\lab_works\л и оа в из\lab_3\lab_3\lab_3\lab_3.cpp(42): warning C4101: f: неиспользованная локальная переменная
     1>c:\users\lenovo\desktop\lab_works\л и оа в из\lab_3\lab_3\lab_3\lab_3.cpp(551): warning C4244: =: преобразование "float" в "int", возможна потеря данных
       ManifestResourceCompile:
         Для всех выходных данных обновления не требуется.
       Link:
         C:\Program Files (x86)\Microsoft Visual Studio 10.0\VC\bin\link.exe /ERRORREPORT:PROMPT /OUT:"C:\Users\Lenovo\Desktop\Lab_works\Л и ОА в ИЗ\Lab_3\Lab_3\Debug\Lab_3.exe" /INCREMENTAL /NOLOGO kernel32.lib user32.lib gdi32.lib winspool.lib comdlg32.lib advapi32.lib shell32.lib ole32.lib oleaut32.lib uuid.lib odbc32.lib odbccp32.lib /MANIFEST /ManifestFile:"Debug\Lab_3.exe.intermediate.manifest" /MANIFESTUAC:"level='asInvoker' uiAccess='false'" /DEBUG /PDB:"C:\Users\Lenovo\Desktop\Lab_works\Л и ОА в ИЗ\Lab_3\Lab_3\Debug\Lab_3.pdb" /SUBSYSTEM:CONSOLE /TLBID:1 /DYNAMICBASE /NXCOMPAT /IMPLIB:"C:\Users\Lenovo\Desktop\Lab_works\Л и ОА в ИЗ\Lab_3\Lab_3\Debug\Lab_3.lib" /MACHINE:X86 Debug\Lab_3.exe.embed.manifest.res
         Debug\Lab_3.obj
         Debug\stdafx.obj
       Manifest:
         C:\Program Files (x86)\Microsoft SDKs\Windows\v7.0A\bin\mt.exe /nologo /verbose /out:"Debug\Lab_3.exe.embed.manifest" /manifest Debug\Lab_3.exe.intermediate.manifest
         Для всех выходных данных обновления не требуется.
       LinkEmbedManifest:
         Для всех выходных данных обновления не требуется.
         Lab_3.vcxproj -> C:\Users\Lenovo\Desktop\Lab_works\Л и ОА в ИЗ\Lab_3\Lab_3\Debug\Lab_3.exe
       FinalizeBuildStatus:
         Файл "Debug\Lab_3.unsuccessfulbuild" удаляется.
         Обращение к "Debug\Lab_3.lastbuildstate".
     1>Построение проекта "C:\Users\Lenovo\Desktop\Lab_works\Л и ОА в ИЗ\Lab_3\Lab_3\Lab_3\Lab_3.vcxproj" завершено (целевые объекты build).

Построение успешно завершено.

Затраченное время: 00:00:04.90
